GROUP,PACKAGE,CLASS,INSTRUCTION_MISSED,INSTRUCTION_COVERED,BRANCH_MISSED,BRANCH_COVERED,LINE_MISSED,LINE_COVERED,COMPLEXITY_MISSED,COMPLEXITY_COVERED,METHOD_MISSED,METHOD_COVERED
ApkToolBoxGUI,edu.jiangxin.apktoolbox.file.zhconvert,ZhConvertPanel,429,0,6,0,94,0,10,0,7,0
ApkToolBoxGUI,edu.jiangxin.apktoolbox.file.zhconvert,ZhConvertPanel.ConvertBtnActionListener,146,0,4,0,26,0,5,0,3,0
ApkToolBoxGUI,edu.jiangxin.apktoolbox.file.zhconvert,ZhConvertPanel.SaveBtnActionListener,50,0,4,0,10,0,4,0,2,0
ApkToolBoxGUI,edu.jiangxin.apktoolbox.file.zhconvert,ZHConverterUtils,187,0,14,0,55,0,14,0,7,0
ApkToolBoxGUI,edu.jiangxin.apktoolbox.convert.color,ColorPickerPanel.LockPositionAction,11,0,0,0,3,0,2,0,2,0
ApkToolBoxGUI,edu.jiangxin.apktoolbox.convert.color,ColorConvertPanel.HexDocumentListener,51,0,2,0,18,0,6,0,5,0
ApkToolBoxGUI,edu.jiangxin.apktoolbox.convert.color,ColorPickerPanel,833,0,25,0,168,0,32,0,18,0
ApkToolBoxGUI,edu.jiangxin.apktoolbox.convert.color,ColorConvertPanel.HslChangeListener,52,0,2,0,11,0,3,0,2,0
ApkToolBoxGUI,edu.jiangxin.apktoolbox.convert.color,ColorConvertPanel.ColorDefaultTableModel,10,0,0,0,4,0,2,0,2,0
ApkToolBoxGUI,edu.jiangxin.apktoolbox.convert.color,ColorPickerPanel.new TimerTask() {...},10,0,0,0,3,0,2,0,2,0
ApkToolBoxGUI,edu.jiangxin.apktoolbox.convert.color,ColorConvertPanel.CmykChangeListener,60,0,2,0,12,0,3,0,2,0
ApkToolBoxGUI,edu.jiangxin.apktoolbox.convert.color,ColorConvertPanel.RgbChangeListener,54,0,2,0,11,0,3,0,2,0
ApkToolBoxGUI,edu.jiangxin.apktoolbox.convert.color,ColorConvertPanel,1351,0,12,0,266,0,18,0,12,0
ApkToolBoxGUI,edu.jiangxin.apktoolbox.convert.color,ColorUtils,569,26,0,0,75,2,19,2,19,2
ApkToolBoxGUI,edu.jiangxin.apktoolbox.convert.color,ColorPickerPanel.UnlockPositionAction,11,0,0,0,3,0,2,0,2,0
ApkToolBoxGUI,edu.jiangxin.apktoolbox.convert.color,ColorPickerPanel.RecordColorAction,64,0,4,0,12,0,4,0,2,0
ApkToolBoxGUI,edu.jiangxin.apktoolbox.convert.color,ColorPickerPanel.ColorMode,27,0,0,0,2,0,1,0,1,0
ApkToolBoxGUI,edu.jiangxin.apktoolbox.convert.color,ColorConvertPanel.CielabChangeListener,52,0,2,0,11,0,3,0,2,0
ApkToolBoxGUI,edu.jiangxin.apktoolbox.convert.color,ColorConvertPanel.HsbChangeListener,52,0,2,0,11,0,3,0,2,0
ApkToolBoxGUI,edu.jiangxin.apktoolbox.convert.color,ColorConvertPanel.ColorTableCellRenderer,42,0,2,0,9,0,3,0,2,0
ApkToolBoxGUI,edu.jiangxin.apktoolbox.file.checksum,ChecksumPanel,91,0,0,0,23,0,3,0,3,0
ApkToolBoxGUI,edu.jiangxin.apktoolbox.file.checksum,CalculateType,68,0,0,0,13,0,4,0,4,0
ApkToolBoxGUI,edu.jiangxin.apktoolbox.utils,KeyVerify,46,0,4,0,19,0,4,0,2,0
ApkToolBoxGUI,edu.jiangxin.apktoolbox.utils,Utils.new DefaultExecuteResultHandler() {...},21,0,0,0,5,0,3,0,3,0
ApkToolBoxGUI,edu.jiangxin.apktoolbox.utils,NoLogOutputStream,4,0,0,0,2,0,2,0,2,0
ApkToolBoxGUI,edu.jiangxin.apktoolbox.utils,Constants,3,0,0,0,1,0,1,0,1,0
ApkToolBoxGUI,edu.jiangxin.apktoolbox.utils,DateUtils,106,0,0,0,29,0,7,0,7,0
ApkToolBoxGUI,edu.jiangxin.apktoolbox.utils,Utils,397,0,38,0,127,0,32,0,13,0
ApkToolBoxGUI,edu.jiangxin.apktoolbox.utils,FileUtils,148,0,14,0,35,0,13,0,6,0
ApkToolBoxGUI,edu.jiangxin.apktoolbox.utils,ProcessLogOutputStream,17,0,0,0,6,0,2,0,2,0
ApkToolBoxGUI,edu.jiangxin.apktoolbox.utils,SystemInfoUtils,152,0,4,0,10,0,4,0,2,0
ApkToolBoxGUI,edu.jiangxin.apktoolbox.convert.protobuf.supervised,DescriptorCache,214,0,10,0,55,0,19,0,14,0
ApkToolBoxGUI,edu.jiangxin.apktoolbox.convert.protobuf.supervised,UncheckedDescriptorValidationException,17,0,0,0,5,0,3,0,3,0
ApkToolBoxGUI,edu.jiangxin.apktoolbox.convert.protobuf.supervised,ProtoToJson,188,0,2,0,50,0,16,0,15,0
ApkToolBoxGUI,edu.jiangxin.apktoolbox.convert.protobuf.supervised,UncheckedInvalidProtocolBufferException,17,0,0,0,5,0,3,0,3,0
ApkToolBoxGUI,edu.jiangxin.apktoolbox.convert.protobuf.supervised,AppMain.MessageType,49,0,0,0,10,0,3,0,3,0
ApkToolBoxGUI,edu.jiangxin.apktoolbox.convert.protobuf.supervised,NoDescriptorFoundException,8,0,0,0,4,0,2,0,2,0
ApkToolBoxGUI,edu.jiangxin.apktoolbox.convert.protobuf.supervised,AppMain,192,0,10,0,57,0,12,0,7,0
ApkToolBoxGUI,edu.jiangxin.apktoolbox.file.checksum.panel,FileChecksumPanel,842,0,23,0,187,0,31,0,17,0
ApkToolBoxGUI,edu.jiangxin.apktoolbox.file.checksum.panel,StringHashPanel,801,0,21,0,173,0,28,0,15,0
ApkToolBoxGUI,edu.jiangxin.apktoolbox.file.checksum.panel,VerifyChecksumPanel,310,0,8,0,72,0,11,0,7,0
ApkToolBoxGUI,edu.jiangxin.apktoolbox.file.checksum.panel,ScanFolderPanel,3,0,0,0,1,0,1,0,1,0
ApkToolBoxGUI,edu.jiangxin.apktoolbox.file.checksum.panel,CompareFilesPanel,225,0,6,0,57,0,8,0,5,0
ApkToolBoxGUI,edu.jiangxin.apktoolbox.help,CheckUpdateActionListener,171,0,10,0,63,0,11,0,6,0
ApkToolBoxGUI,edu.jiangxin.apktoolbox.help,AboutPanel,116,0,6,0,32,0,5,0,2,0
ApkToolBoxGUI,edu.jiangxin.apktoolbox.convert.zh2unicode,Zh2UnicodeConvertPanel,341,0,6,0,77,0,13,0,10,0
ApkToolBoxGUI,edu.jiangxin.apktoolbox.file.batchrename,BatchRenamePanel.StartButtonActionListener,93,0,12,0,21,0,8,0,2,0
ApkToolBoxGUI,edu.jiangxin.apktoolbox.file.batchrename,BatchRenamePanel,1263,0,16,0,262,0,23,0,14,0
ApkToolBoxGUI,edu.jiangxin.apktoolbox.convert.relationship,RelationShipConvertPanel.MyTextField,16,0,0,0,5,0,1,0,1,0
ApkToolBoxGUI,edu.jiangxin.apktoolbox.convert.relationship,RelationShipConvertPanel.ButtonListener,158,0,17,0,28,0,12,0,2,0
ApkToolBoxGUI,edu.jiangxin.apktoolbox.convert.relationship,RelationShipConvertPanel.MyButton,14,0,0,0,4,0,1,0,1,0
ApkToolBoxGUI,edu.jiangxin.apktoolbox.convert.relationship,RelationShipConvertPanel,822,0,24,0,120,0,19,0,7,0
ApkToolBoxGUI,edu.jiangxin.apktoolbox.convert.base,BaseConvertPanel.TextFieldDocumentFilter,114,0,8,0,27,0,7,0,3,0
ApkToolBoxGUI,edu.jiangxin.apktoolbox.convert.base,BaseConvertPanel.TextFieldDocumentListener,17,0,0,0,6,0,4,0,4,0
ApkToolBoxGUI,edu.jiangxin.apktoolbox.convert.base,BaseConvertPanel,330,0,61,0,73,0,41,0,9,0
ApkToolBoxGUI,edu.jiangxin.apktoolbox.convert.base,BaseConvertPanel.ClearButtonActionListener,32,0,2,0,7,0,3,0,2,0
ApkToolBoxGUI,edu.jiangxin.apktoolbox.convert.base,BaseConvertPanel.BaseUiObject,97,0,5,0,20,0,6,0,2,0
ApkToolBoxGUI,edu.jiangxin.apktoolbox.swing.extend.listener,ChangeMenuToPluginListener,36,0,0,0,12,0,7,0,7,0
ApkToolBoxGUI,edu.jiangxin.apktoolbox.swing.extend.listener,SelectDirectoryListener,40,0,2,0,13,0,3,0,2,0
ApkToolBoxGUI,edu.jiangxin.apktoolbox.swing.extend.listener,ChangeMenuToUrlListener,33,0,0,0,12,0,3,0,3,0
ApkToolBoxGUI,edu.jiangxin.apktoolbox.swing.extend.listener,SelectFileListener,59,0,4,0,20,0,5,0,3,0
ApkToolBoxGUI,edu.jiangxin.apktoolbox.swing.extend.listener,ChangeMenuListener,14,0,2,0,6,0,4,0,3,0
ApkToolBoxGUI,edu.jiangxin.apktoolbox.android.dumpsys.alarm,AlarmTreeTableDataNode,48,0,2,0,17,0,9,0,8,0
ApkToolBoxGUI,edu.jiangxin.apktoolbox.android.dumpsys.alarm,AlarmBatch,145,0,12,0,37,0,17,0,11,0
ApkToolBoxGUI,edu.jiangxin.apktoolbox.android.dumpsys.alarm,DumpsysAlarmPanel.LoadFromFileButtonActionListener,13,0,0,0,4,0,2,0,2,0
ApkToolBoxGUI,edu.jiangxin.apktoolbox.android.dumpsys.alarm,AlarmTreeTableDataModel,103,0,6,0,19,0,15,0,10,0
ApkToolBoxGUI,edu.jiangxin.apktoolbox.android.dumpsys.alarm,DumpsysAlarmPanel,855,0,32,0,182,0,30,0,14,0
ApkToolBoxGUI,edu.jiangxin.apktoolbox.android.dumpsys.alarm,Alarm,125,0,11,0,33,0,18,0,11,0
ApkToolBoxGUI,edu.jiangxin.apktoolbox.android.dumpsys.alarm,SharedData,32,0,2,0,13,0,9,0,8,0
ApkToolBoxGUI,edu.jiangxin.apktoolbox.android.dumpsys.alarm,DumpsysAlarmPanel.LoadFromDeviceButtonActionListener,13,0,0,0,4,0,2,0,2,0
ApkToolBoxGUI,edu.jiangxin.apktoolbox.file,EncodeConvertPanel.ConvertButtonActionListener,145,0,8,0,27,0,6,0,2,0
ApkToolBoxGUI,edu.jiangxin.apktoolbox.file,OsConvertPanel.ConvertButtonActionListener,85,0,4,0,15,0,4,0,2,0
ApkToolBoxGUI,edu.jiangxin.apktoolbox.file,OsConvertPanel,217,0,4,0,49,0,9,0,6,0
ApkToolBoxGUI,edu.jiangxin.apktoolbox.file,EncodeConvertPanel,289,0,4,0,57,0,8,0,6,0
ApkToolBoxGUI,edu.jiangxin.apktoolbox.file.password.recovery.checker,BinaryOfficeChecker,123,0,4,0,34,0,9,0,6,0
ApkToolBoxGUI,edu.jiangxin.apktoolbox.file.password.recovery.checker,XmlBasedOfficeChecker,67,0,0,0,19,0,6,0,6,0
ApkToolBoxGUI,edu.jiangxin.apktoolbox.file.password.recovery.checker,FileChecker,21,0,0,0,8,0,4,0,4,0
ApkToolBoxGUI,edu.jiangxin.apktoolbox.file.password.recovery.checker,RarChecker,60,0,2,0,22,0,7,0,6,0
ApkToolBoxGUI,edu.jiangxin.apktoolbox.file.password.recovery.checker,PdfChecker,48,0,2,0,17,0,7,0,6,0
ApkToolBoxGUI,edu.jiangxin.apktoolbox.file.password.recovery.checker,ZipChecker,55,0,4,0,17,0,8,0,6,0
ApkToolBoxGUI,edu.jiangxin.apktoolbox.file.password.recovery.checker,RarChecker.new OutputStream() {...},7,0,0,0,2,0,2,0,2,0
ApkToolBoxGUI,edu.jiangxin.apktoolbox.file.password.recovery.checker,SevenZipChecker,219,0,10,0,54,0,15,0,10,0
ApkToolBoxGUI,edu.jiangxin.apktoolbox.swing.extend,NumberPlainDocument,58,0,10,0,13,0,7,0,2,0
ApkToolBoxGUI,edu.jiangxin.apktoolbox.swing.extend,FileListPanel,288,0,6,0,56,0,9,0,6,0
ApkToolBoxGUI,edu.jiangxin.apktoolbox.swing.extend,FileListPanel.AddFileButtonActionListener,34,0,2,0,9,0,3,0,2,0
ApkToolBoxGUI,edu.jiangxin.apktoolbox.swing.extend,FileListPanel.RemoveSelectedButtonActionListener,29,0,2,0,6,0,3,0,2,0
ApkToolBoxGUI,edu.jiangxin.apktoolbox.swing.extend,FileListPanel.SelectAllButtonActionListener,34,0,2,0,7,0,3,0,2,0
ApkToolBoxGUI,edu.jiangxin.apktoolbox.swing.extend,EasyFrame,103,0,4,0,27,0,4,0,2,0
ApkToolBoxGUI,edu.jiangxin.apktoolbox.swing.extend,EasyFrame.new WindowAdapter() {...},41,0,0,0,11,0,3,0,3,0
ApkToolBoxGUI,edu.jiangxin.apktoolbox.swing.extend,FileListPanel.InverseSelectedButtonActionListener,51,0,4,0,8,0,4,0,2,0
ApkToolBoxGUI,edu.jiangxin.apktoolbox.swing.extend,EasyChildTabbedPanel,16,0,2,0,7,0,4,0,3,0
ApkToolBoxGUI,edu.jiangxin.apktoolbox.swing.extend,FileListPanel.AddDirectoryButtonActionListener,34,0,2,0,9,0,3,0,2,0
ApkToolBoxGUI,edu.jiangxin.apktoolbox.swing.extend,FileListPanel.ClearButtonActionListener,11,0,0,0,3,0,2,0,2,0
ApkToolBoxGUI,edu.jiangxin.apktoolbox.swing.extend,FileListPanel.FileListTransferHandler,64,0,6,0,16,0,6,0,3,0
ApkToolBoxGUI,edu.jiangxin.apktoolbox.swing.extend,EasyPanel,199,0,26,0,60,0,22,0,9,0
ApkToolBoxGUI,edu.jiangxin.apktoolbox.swing.extend.plugin,ProgressBarDialog,111,0,0,0,25,0,2,0,2,0
ApkToolBoxGUI,edu.jiangxin.apktoolbox.swing.extend.plugin,ChangeMenuPreparePluginController,112,0,18,0,37,0,19,0,7,0
ApkToolBoxGUI,edu.jiangxin.apktoolbox.swing.extend.plugin,PluginUtils,100,0,8,0,25,0,8,0,4,0
ApkToolBoxGUI,edu.jiangxin.apktoolbox.swing.extend.plugin,PluginPanel,19,0,0,0,7,0,5,0,5,0
ApkToolBoxGUI,edu.jiangxin.apktoolbox.help.settings,AddToStartupPanel,283,0,16,0,66,0,16,0,8,0
ApkToolBoxGUI,edu.jiangxin.apktoolbox.help.settings,AlwaysOnTopPanel,96,0,0,0,22,0,4,0,4,0
ApkToolBoxGUI,edu.jiangxin.apktoolbox.help.settings,SettingsPanel,116,0,0,0,28,0,3,0,3,0
ApkToolBoxGUI,edu.jiangxin.apktoolbox.help.settings,LookAndFeelPanel,201,0,10,0,43,0,11,0,6,0
ApkToolBoxGUI,edu.jiangxin.apktoolbox.help.settings,DependencyPathPanel,220,0,2,0,51,0,6,0,5,0
ApkToolBoxGUI,edu.jiangxin.apktoolbox.help.settings,LocalePanel.ApplyButtonActionListener,26,0,2,0,6,0,3,0,2,0
ApkToolBoxGUI,edu.jiangxin.apktoolbox.help.settings,LookAndFeelPanel.ApplyButtonActionListener,50,0,2,0,14,0,3,0,2,0
ApkToolBoxGUI,edu.jiangxin.apktoolbox.help.settings,LocalePanel,168,0,6,0,33,0,8,0,5,0
ApkToolBoxGUI,edu.jiangxin.apktoolbox.convert.color.colortable,RalColorTable,4488,0,0,0,8,0,7,0,7,0
ApkToolBoxGUI,edu.jiangxin.apktoolbox.convert.color.colortable,OrdinaryColorTable,2892,0,0,0,8,0,7,0,7,0
ApkToolBoxGUI,edu.jiangxin.apktoolbox.file.password.recovery,State,21,0,0,0,4,0,1,0,1,0
ApkToolBoxGUI,edu.jiangxin.apktoolbox.file.password.recovery,RecoveryPanel,1307,0,54,0,290,0,60,0,33,0
ApkToolBoxGUI,edu.jiangxin.apktoolbox.file.password.recovery.category,CategoryType,27,0,0,0,5,0,1,0,1,0
ApkToolBoxGUI,edu.jiangxin.apktoolbox.file.password.recovery.category,CategoryFactory,11,0,3,0,4,0,3,0,1,0
ApkToolBoxGUI,edu.jiangxin.apktoolbox.android.monkey,MonkeyPanel.MyDialog,77,0,0,0,16,0,2,0,2,0
ApkToolBoxGUI,edu.jiangxin.apktoolbox.android.monkey,MonkeyPanel.CountdownRunnable,440,0,18,0,80,0,13,0,4,0
ApkToolBoxGUI,edu.jiangxin.apktoolbox.android.monkey,MonkeyPanel,1718,0,72,0,360,0,62,0,26,0
ApkToolBoxGUI,edu.jiangxin.apktoolbox.swing.treetable,MyTreeTableCellRenderer,68,0,8,0,19,0,9,0,5,0
ApkToolBoxGUI,edu.jiangxin.apktoolbox.swing.treetable,MyTreeTable,49,0,0,0,11,0,1,0,1,0
ApkToolBoxGUI,edu.jiangxin.apktoolbox.swing.treetable,MyTreeTableModelAdapter.new TreeExpansionListener() {...},14,0,0,0,5,0,3,0,3,0
ApkToolBoxGUI,edu.jiangxin.apktoolbox.swing.treetable,MyTreeTableModelAdapter,66,0,0,0,15,0,9,0,9,0
ApkToolBoxGUI,edu.jiangxin.apktoolbox.swing.treetable,MyTreeTableSelectionModel,13,0,0,0,4,0,2,0,2,0
ApkToolBoxGUI,edu.jiangxin.apktoolbox.swing.treetable,MyTreeTableSelectionModel.new ListSelectionListener() {...},7,0,0,0,2,0,2,0,2,0
ApkToolBoxGUI,edu.jiangxin.apktoolbox.swing.treetable,MyAbstractTreeTableModel,134,0,11,0,34,0,19,0,12,0
ApkToolBoxGUI,edu.jiangxin.apktoolbox.swing.treetable,MyTreeTableCellEditor,57,0,2,0,13,0,5,0,4,0
ApkToolBoxGUI,edu.jiangxin.apktoolbox.file.password.recovery.exception,UnsupportedVersionException,7,0,0,0,4,0,2,0,2,0
ApkToolBoxGUI,edu.jiangxin.apktoolbox.file.password.recovery.exception,UnknownException,7,0,0,0,4,0,2,0,2,0
ApkToolBoxGUI,edu.jiangxin.apktoolbox.swing.extend.plugin.runnable,AbstractRunnable,61,0,4,0,17,0,5,0,3,0
ApkToolBoxGUI,edu.jiangxin.apktoolbox.swing.extend.plugin.runnable,UnzipRunnable,119,0,6,0,35,0,7,0,4,0
ApkToolBoxGUI,edu.jiangxin.apktoolbox.swing.extend.plugin.runnable,DownloadRunnable,175,0,10,0,44,0,9,0,4,0
ApkToolBoxGUI,edu.jiangxin.apktoolbox.swing.extend.plugin.runnable,AbstractRunnable.new WindowAdapter() {...},10,0,0,0,3,0,2,0,2,0
ApkToolBoxGUI,edu.jiangxin.apktoolbox.file.password.recovery.checker.thirdparty,ThirdParty7ZipChecker,83,0,4,0,11,0,9,0,7,0
ApkToolBoxGUI,edu.jiangxin.apktoolbox.file.password.recovery.checker.thirdparty,ThirdPartyRarChecker,43,0,0,0,8,0,7,0,7,0
ApkToolBoxGUI,edu.jiangxin.apktoolbox.file.password.recovery.checker.thirdparty,AbstractThirdPartyChecker,101,0,10,0,31,0,8,0,3,0
ApkToolBoxGUI,edu.jiangxin.apktoolbox.file.password.recovery.checker.thirdparty,ThirdPartyWinRarChecker,115,0,4,0,11,0,9,0,7,0
ApkToolBoxGUI,edu.jiangxin.apktoolbox.convert.time,TimeConvertPanel,795,0,4,0,187,0,18,0,16,0
ApkToolBoxGUI,edu.jiangxin.apktoolbox.convert.time,TimeConvertPanel.Time2TimestampButtonActionListener,43,0,4,0,10,0,4,0,2,0
ApkToolBoxGUI,edu.jiangxin.apktoolbox.convert.time,TimeConvertPanel.Timestamp2TimeButtonActionListener,45,0,4,0,10,0,4,0,2,0
ApkToolBoxGUI,edu.jiangxin.apktoolbox.file.core,EncoderDetector,47,108,9,7,12,23,8,4,1,3
ApkToolBoxGUI,edu.jiangxin.apktoolbox.file.core,OsPatternConvert,80,277,18,32,26,67,22,20,6,11
ApkToolBoxGUI,edu.jiangxin.apktoolbox.file.core,EncoderConvert,37,125,6,10,14,30,7,7,2,4
ApkToolBoxGUI,edu.jiangxin.apktoolbox.file.core,FileProcess,261,0,34,0,66,0,24,0,7,0
ApkToolBoxGUI,edu.jiangxin.apktoolbox.file.core,EncoderDetector.new Runnable() {...},14,52,2,4,5,14,2,3,0,2
ApkToolBoxGUI,edu.jiangxin.apktoolbox.file.core,EncoderDetector.new Runnable() {...},13,48,1,1,4,13,1,2,0,2
ApkToolBoxGUI,edu.jiangxin.apktoolbox.file.core,FileFilterWrapper,106,0,14,0,23,0,10,0,3,0
ApkToolBoxGUI,edu.jiangxin.apktoolbox.reverse,ApktoolPanel.ApktoolRebuildPanel.RebuildButtonActionListener,86,0,6,0,19,0,5,0,2,0
ApkToolBoxGUI,edu.jiangxin.apktoolbox.reverse,ChangeMenuToPluginJadxListener,20,0,0,0,5,0,4,0,4,0
ApkToolBoxGUI,edu.jiangxin.apktoolbox.reverse,AxmlPrinterPanel,170,0,0,0,40,0,6,0,6,0
ApkToolBoxGUI,edu.jiangxin.apktoolbox.reverse,AxmlPrinterPanel.SrcButtonActionListener,36,0,2,0,10,0,3,0,2,0
ApkToolBoxGUI,edu.jiangxin.apktoolbox.reverse,ApktoolPanel.ApktoolDecodePanel.DecodeButtonActionListener,80,0,8,0,17,0,6,0,2,0
ApkToolBoxGUI,edu.jiangxin.apktoolbox.reverse,ApkSignerPanel.RecoverButtonActionListener,39,0,0,0,6,0,2,0,2,0
ApkToolBoxGUI,edu.jiangxin.apktoolbox.reverse,ApktoolPanel,48,0,0,0,13,0,3,0,3,0
ApkToolBoxGUI,edu.jiangxin.apktoolbox.reverse,ChangeMenuToPluginLuytenListener,5,0,0,0,2,0,2,0,2,0
ApkToolBoxGUI,edu.jiangxin.apktoolbox.reverse,ApkSignerPanel.ApkSignButtonActionListener,105,0,10,0,23,0,7,0,2,0
ApkToolBoxGUI,edu.jiangxin.apktoolbox.reverse,ApktoolPanel.ApktoolPanelBase,121,0,0,0,30,0,6,0,6,0
ApkToolBoxGUI,edu.jiangxin.apktoolbox.reverse,AxmlPrinterPanel.GetFileButtonActionListener,161,0,8,0,37,0,6,0,2,0
ApkToolBoxGUI,edu.jiangxin.apktoolbox.reverse,ChangeMenToPluginJdListener,5,0,0,0,2,0,2,0,2,0
ApkToolBoxGUI,edu.jiangxin.apktoolbox.reverse,ChangeMenuToPluginJdaListener,19,0,0,0,5,0,4,0,4,0
ApkToolBoxGUI,edu.jiangxin.apktoolbox.reverse,ApkSignerPanel,354,0,0,0,80,0,9,0,9,0
ApkToolBoxGUI,edu.jiangxin.apktoolbox.reverse,ApktoolPanel.ApktoolRebuildPanel.ApkFileFilter,16,0,0,0,4,0,3,0,3,0
ApkToolBoxGUI,edu.jiangxin.apktoolbox.reverse,ApktoolPanel.ApktoolDecodePanel,161,0,0,0,34,0,5,0,5,0
ApkToolBoxGUI,edu.jiangxin.apktoolbox.reverse,ApktoolPanel.ApktoolRebuildPanel,149,0,0,0,31,0,5,0,5,0
ApkToolBoxGUI,edu.jiangxin.apktoolbox.reverse,ChangeMenuToPluginJdDuoListener,19,0,0,0,5,0,4,0,4,0
ApkToolBoxGUI,edu.jiangxin.apktoolbox.android.i18n,I18nFindLongestPanel.I18nInfo,20,0,0,0,6,0,2,0,2,0
ApkToolBoxGUI,edu.jiangxin.apktoolbox.android.i18n,I18nRemovePanel.new FileFilter() {...},11,0,0,0,2,0,2,0,2,0
ApkToolBoxGUI,edu.jiangxin.apktoolbox.android.i18n,I18nRemovePanel.new ActionListener() {...},45,0,4,0,10,0,4,0,2,0
ApkToolBoxGUI,edu.jiangxin.apktoolbox.android.i18n,I18nRemovePanel,253,0,6,0,58,0,9,0,6,0
ApkToolBoxGUI,edu.jiangxin.apktoolbox.android.i18n,I18nAddPanel,753,0,46,0,188,0,36,0,13,0
ApkToolBoxGUI,edu.jiangxin.apktoolbox.android.i18n,I18nFindLongestPanel,308,0,16,0,72,0,16,0,8,0
ApkToolBoxGUI,edu.jiangxin.apktoolbox.android.i18n,I18nFindLongestPanel.new FileFilter() {...},11,0,0,0,2,0,2,0,2,0
ApkToolBoxGUI,edu.jiangxin.apktoolbox.android.i18n,I18nFindLongestPanel.new ActionListener() {...},100,0,6,0,20,0,5,0,2,0
ApkToolBoxGUI,edu.jiangxin.apktoolbox.android.i18n,I18nAddPanel.new FileFilter() {...},11,0,0,0,2,0,2,0,2,0
ApkToolBoxGUI,edu.jiangxin.apktoolbox.swing.extend.autocomplete,AutoCompleter,128,0,22,0,34,0,17,0,6,0
ApkToolBoxGUI,edu.jiangxin.apktoolbox.swing.extend.autocomplete,ScrollBasicComboBoxUI,10,0,0,0,2,0,2,0,2,0
ApkToolBoxGUI,edu.jiangxin.apktoolbox.swing.extend.autocomplete,AutoCompleterInitException,4,0,0,0,2,0,1,0,1,0
ApkToolBoxGUI,edu.jiangxin.apktoolbox.swing.extend.autocomplete,AutoCompleteComboBox,80,0,4,0,26,0,11,0,9,0
ApkToolBoxGUI,edu.jiangxin.apktoolbox.swing.extend.autocomplete,ScrollBasicComboBoxUI.new BasicComboPopup() {...},15,0,0,0,2,0,2,0,2,0
ApkToolBoxGUI,edu.jiangxin.apktoolbox.android.screenshot,ScreenShotPanel,238,0,0,0,54,0,6,0,6,0
ApkToolBoxGUI,edu.jiangxin.apktoolbox.android.screenshot,ScreenShotPanel.DirectoryTextFieldTransferHandler,55,0,4,0,13,0,5,0,3,0
ApkToolBoxGUI,edu.jiangxin.apktoolbox.android.screenshot,ScreenShotPanel.new Transferable() {...},29,0,2,0,6,0,5,0,4,0
ApkToolBoxGUI,edu.jiangxin.apktoolbox.android.screenshot,ScreenShotPanel.GetExistButtonActionListener,10,0,0,0,3,0,2,0,2,0
ApkToolBoxGUI,edu.jiangxin.apktoolbox.android.screenshot,ScreenShotPanel.ScreenshotButtonActionListener,120,0,8,0,28,0,6,0,2,0
ApkToolBoxGUI,edu.jiangxin.apktoolbox.android.screenshot,ScreenShotPanel.DirectoryButtonActionListener,47,0,2,0,11,0,3,0,2,0
ApkToolBoxGUI,edu.jiangxin.apktoolbox.main,MainFrame.new MouseAdapter() {...},19,0,2,0,5,0,3,0,2,0
ApkToolBoxGUI,edu.jiangxin.apktoolbox.main,MainFrame,1009,0,12,0,192,0,17,0,11,0
ApkToolBoxGUI,edu.jiangxin.apktoolbox.main,MainFrame.ChangeMenuToPanelListener,129,0,4,0,30,0,7,0,5,0
ApkToolBoxGUI,edu.jiangxin.apktoolbox.convert.protobuf.unsupervised,BufferReader,136,0,12,0,31,0,15,0,9,0
ApkToolBoxGUI,edu.jiangxin.apktoolbox.convert.protobuf.unsupervised,ProtobufDecoder,666,0,43,0,159,0,33,0,10,0
ApkToolBoxGUI,edu.jiangxin.apktoolbox.convert.protobuf.unsupervised,ByteUtil,255,0,14,0,34,0,20,0,13,0
ApkToolBoxGUI,edu.jiangxin.apktoolbox.convert.protobuf.unsupervised,ProtobufConvertPanel,174,0,0,0,40,0,6,0,6,0
ApkToolBoxGUI,edu.jiangxin.apktoolbox.convert.protobuf.unsupervised,VarintUtils,116,0,8,0,21,0,7,0,3,0
ApkToolBoxGUI,edu.jiangxin.apktoolbox.convert.protobuf.unsupervised,DecoderResult,92,0,7,0,30,0,18,0,13,0
ApkToolBoxGUI,edu.jiangxin.apktoolbox.file.password.recovery.category.bruteforce,BruteForceFuture,111,0,6,0,36,0,11,0,8,0
ApkToolBoxGUI,edu.jiangxin.apktoolbox.file.password.recovery.category.bruteforce,BruteForceProxy.BruteForceProxyHolder,5,0,0,0,1,0,1,0,1,0
ApkToolBoxGUI,edu.jiangxin.apktoolbox.file.password.recovery.category.bruteforce,BruteForceProxy,249,0,32,0,62,0,22,0,6,0
ApkToolBoxGUI,edu.jiangxin.apktoolbox.file.password.recovery.category.bruteforce,BruteForceTaskParam,51,0,0,0,13,0,6,0,6,0
ApkToolBoxGUI,edu.jiangxin.apktoolbox.file.password.recovery.category.bruteforce,BruteForceRunnable,241,0,18,0,52,0,16,0,7,0
ApkToolBoxGUI,edu.jiangxin.apktoolbox.convert.color.colorspace,HsbColorSpace,18,79,0,0,4,9,2,4,2,4
ApkToolBoxGUI,edu.jiangxin.apktoolbox.convert.color.colorspace,HslColorSpace.Holder,0,7,0,0,0,1,0,1,0,1
ApkToolBoxGUI,edu.jiangxin.apktoolbox.convert.color.colorspace,HsbColorSpace.Holder,0,7,0,0,0,1,0,1,0,1
ApkToolBoxGUI,edu.jiangxin.apktoolbox.convert.color.colorspace,CielabColorSpace,27,152,4,4,6,26,7,10,4,9
ApkToolBoxGUI,edu.jiangxin.apktoolbox.convert.color.colorspace,HslColorSpace,80,203,10,14,9,32,11,8,2,5
ApkToolBoxGUI,edu.jiangxin.apktoolbox.convert.color.colorspace,CmykColorSpace.Holder,0,7,0,0,0,1,0,1,0,1
ApkToolBoxGUI,edu.jiangxin.apktoolbox.convert.color.colorspace,CmykColorSpace,18,143,0,0,4,19,2,4,2,4
ApkToolBoxGUI,edu.jiangxin.apktoolbox.swing.extend.filepanel,FilePanel,149,0,8,0,39,0,12,0,8,0
ApkToolBoxGUI,edu.jiangxin.apktoolbox.swing.extend.filepanel,FilePanel.FileTransferHandler,100,0,18,0,25,0,12,0,3,0
ApkToolBoxGUI,edu.jiangxin.apktoolbox.swing.extend.filepanel,FilePanel.OpenDictionaryFileActionListener,98,0,8,0,18,0,6,0,2,0
ApkToolBoxGUI,edu.jiangxin.apktoolbox.file.password.recovery.category.dictionary.singlethread,DictionarySingleThreadProxy,133,0,6,0,33,0,10,0,7,0
ApkToolBoxGUI,edu.jiangxin.apktoolbox.file.password.recovery.category.dictionary.singlethread,DictionarySingleThreadProxy.DictionarySingleThreadProxyHolder,5,0,0,0,1,0,1,0,1,0
ApkToolBoxGUI,edu.jiangxin.apktoolbox.file.password.recovery.category.dictionary.multithread,DictionaryMultiThreadProxy.DictionaryMultiThreadProxyHolder,5,0,0,0,1,0,1,0,1,0
ApkToolBoxGUI,edu.jiangxin.apktoolbox.file.password.recovery.category.dictionary.multithread,DictionaryMultiThreadProxy,100,0,4,0,34,0,9,0,7,0
ApkToolBoxGUI,edu.jiangxin.apktoolbox.file.password.recovery.category.dictionary.multithread,BigFileReader.SliceReaderTask,155,0,14,0,33,0,9,0,2,0
ApkToolBoxGUI,edu.jiangxin.apktoolbox.file.password.recovery.category.dictionary.multithread,BigFileReader.StartEndPair,75,0,10,0,16,0,8,0,3,0
ApkToolBoxGUI,edu.jiangxin.apktoolbox.file.password.recovery.category.dictionary.multithread,BigFileReader,342,0,28,0,83,0,21,0,7,0
ApkToolBoxGUI,edu.jiangxin.apktoolbox.file.duplicate,DuplicateSearchPanel.MyMenuActionListener,341,0,28,0,69,0,20,0,6,0
ApkToolBoxGUI,edu.jiangxin.apktoolbox.file.duplicate,DuplicateFilesConstants,76,0,0,0,14,0,2,0,2,0
ApkToolBoxGUI,edu.jiangxin.apktoolbox.file.duplicate,DuplicateSearchPanel.MyMouseListener,141,0,10,0,26,0,7,0,2,0
ApkToolBoxGUI,edu.jiangxin.apktoolbox.file.duplicate,DuplicateSearchPanel.OperationButtonActionListener,71,0,8,0,12,0,6,0,2,0
ApkToolBoxGUI,edu.jiangxin.apktoolbox.file.duplicate,DuplicateSearchPanel.SearchThread,356,0,26,0,80,0,25,0,12,0
ApkToolBoxGUI,edu.jiangxin.apktoolbox.file.duplicate,DuplicateFilesTableCellRenderer,28,0,0,0,4,0,2,0,2,0
ApkToolBoxGUI,edu.jiangxin.apktoolbox.file.duplicate,DuplicateFilesTableModel,17,0,2,0,5,0,3,0,2,0
ApkToolBoxGUI,edu.jiangxin.apktoolbox.file.duplicate,DuplicateSearchPanel,632,0,14,0,131,0,15,0,8,0
ApkToolBoxGUI,edu.jiangxin.apktoolbox,Version,3,0,0,0,1,0,1,0,1,0
